[2024-03-12 14:22:23,657: INFO: main: Welcome]
[2024-03-12 14:23:03,219: INFO: main: Welcome]
[2024-03-12 15:03:05,737: INFO: common: yaml file: config/config.yaml loaded successfully]
[2024-03-12 15:03:05,743: INFO: common: yaml file: params.yaml loaded successfully]
[2024-03-12 15:03:05,744: INFO: common: created directory at: artifacts]
[2024-03-12 15:03:05,746: INFO: common: created directory at: artifacts/data_ingestion]
[2024-03-12 15:07:00,943: INFO: 1434958058: artifacts/data_ingestion/data.zip download! with following info: 
Connection: close
Content-Length: 7903594
Cache-Control: max-age=300
Content-Security-Policy: default-src 'none'; style-src 'unsafe-inline'; sandbox
Content-Type: application/zip
ETag: "dbc016a060da18070593b83afff580c9b300f0b6ea4147a7988433e04df246ca"
Strict-Transport-Security: max-age=31536000
X-Content-Type-Options: nosniff
X-Frame-Options: deny
X-XSS-Protection: 1; mode=block
X-GitHub-Request-Id: 88C6:23C702:1B27C:25334:65F0447B
Accept-Ranges: bytes
Date: Tue, 12 Mar 2024 12:03:09 GMT
Via: 1.1 varnish
X-Served-By: cache-jnb7027-JNB
X-Cache: MISS
X-Cache-Hits: 0
X-Timer: S1710244989.839180,VS0,VE1017
Vary: Authorization,Accept-Encoding,Origin
Access-Control-Allow-Origin: *
Cross-Origin-Resource-Policy: cross-origin
X-Fastly-Request-ID: d8cf1dbea05daea6aac1ae0d24f52e0a1d6b65e1
Expires: Tue, 12 Mar 2024 12:08:09 GMT
Source-Age: 1

]
[2024-03-12 15:10:20,997: INFO: main: >>>>>> stage Data Ingestion stage started <<<<<<]
[2024-03-12 15:10:20,998: INFO: common: yaml file: config/config.yaml loaded successfully]
[2024-03-12 15:10:21,000: INFO: common: yaml file: params.yaml loaded successfully]
[2024-03-12 15:10:21,001: INFO: common: created directory at: artifacts]
[2024-03-12 15:10:21,001: INFO: common: created directory at: artifacts/data_ingestion]
[2024-03-12 15:10:21,001: INFO: data_ingestion: File already exists of size: ~ 7718 KB]
[2024-03-12 15:10:21,157: INFO: main: >>>>>> stage Data Ingestion stage completed <<<<<<

x==========x]
[2024-03-12 15:10:35,967: INFO: main: >>>>>> stage Data Ingestion stage started <<<<<<]
[2024-03-12 15:10:35,968: INFO: common: yaml file: config/config.yaml loaded successfully]
[2024-03-12 15:10:35,969: INFO: common: yaml file: params.yaml loaded successfully]
[2024-03-12 15:10:35,969: INFO: common: created directory at: artifacts]
[2024-03-12 15:10:35,969: INFO: common: created directory at: artifacts/data_ingestion]
[2024-03-12 15:18:48,043: INFO: data_ingestion: artifacts/data_ingestion/data.zip download! with following info: 
Connection: close
Content-Length: 7903594
Cache-Control: max-age=300
Content-Security-Policy: default-src 'none'; style-src 'unsafe-inline'; sandbox
Content-Type: application/zip
ETag: "dbc016a060da18070593b83afff580c9b300f0b6ea4147a7988433e04df246ca"
Strict-Transport-Security: max-age=31536000
X-Content-Type-Options: nosniff
X-Frame-Options: deny
X-XSS-Protection: 1; mode=block
X-GitHub-Request-Id: 88C6:23C702:1B27C:25334:65F0447B
Accept-Ranges: bytes
Date: Tue, 12 Mar 2024 12:10:39 GMT
Via: 1.1 varnish
X-Served-By: cache-jnb7024-JNB
X-Cache: HIT
X-Cache-Hits: 0
X-Timer: S1710245439.201999,VS0,VE281
Vary: Authorization,Accept-Encoding,Origin
Access-Control-Allow-Origin: *
Cross-Origin-Resource-Policy: cross-origin
X-Fastly-Request-ID: e413e328afbf8e107ab489d0f68db6a93fa4bb47
Expires: Tue, 12 Mar 2024 12:15:39 GMT
Source-Age: 0

]
[2024-03-12 15:18:48,246: INFO: main: >>>>>> stage Data Ingestion stage completed <<<<<<

x==========x]
[2024-03-12 15:23:19,935: INFO: main: >>>>>> stage Data Ingestion stage started <<<<<<]
[2024-03-12 15:23:19,937: INFO: common: yaml file: config/config.yaml loaded successfully]
[2024-03-12 15:23:19,939: INFO: common: yaml file: params.yaml loaded successfully]
[2024-03-12 15:23:19,939: INFO: common: created directory at: artifacts]
[2024-03-12 15:23:19,939: INFO: common: created directory at: artifacts/data_ingestion]
[2024-03-12 15:25:42,373: INFO: data_ingestion: artifacts/data_ingestion/data.zip download! with following info: 
Connection: close
Content-Length: 7903594
Cache-Control: max-age=300
Content-Security-Policy: default-src 'none'; style-src 'unsafe-inline'; sandbox
Content-Type: application/zip
ETag: "dbc016a060da18070593b83afff580c9b300f0b6ea4147a7988433e04df246ca"
Strict-Transport-Security: max-age=31536000
X-Content-Type-Options: nosniff
X-Frame-Options: deny
X-XSS-Protection: 1; mode=block
X-GitHub-Request-Id: 88C6:23C702:1B27C:25334:65F0447B
Accept-Ranges: bytes
Date: Tue, 12 Mar 2024 12:23:22 GMT
Via: 1.1 varnish
X-Served-By: cache-jnb7023-JNB
X-Cache: HIT
X-Cache-Hits: 0
X-Timer: S1710246202.300367,VS0,VE274
Vary: Authorization,Accept-Encoding,Origin
Access-Control-Allow-Origin: *
Cross-Origin-Resource-Policy: cross-origin
X-Fastly-Request-ID: 536ecb2b1debe9e1a93f2dcb56125dcd795391d3
Expires: Tue, 12 Mar 2024 12:28:22 GMT
Source-Age: 0

]
[2024-03-12 15:25:42,532: INFO: main: >>>>>> stage Data Ingestion stage completed <<<<<<

x==========x]
[2024-03-12 20:28:25,305: INFO: common: yaml file: config/config.yaml loaded successfully]
[2024-03-12 20:28:25,311: INFO: common: yaml file: params.yaml loaded successfully]
[2024-03-12 20:28:25,313: INFO: common: created directory at: artifacts]
[2024-03-12 20:28:25,313: INFO: common: created directory at: artifacts/data_validation]
[2024-03-12 20:28:48,438: INFO: main: >>>>>> stage Data Ingestion stage started <<<<<<]
[2024-03-12 20:28:48,439: INFO: common: yaml file: config/config.yaml loaded successfully]
[2024-03-12 20:28:48,440: INFO: common: yaml file: params.yaml loaded successfully]
[2024-03-12 20:28:48,440: INFO: common: created directory at: artifacts]
[2024-03-12 20:28:48,440: INFO: common: created directory at: artifacts/data_ingestion]
[2024-03-12 20:28:56,457: INFO: data_ingestion: artifacts/data_ingestion/data.zip download! with following info: 
Connection: close
Content-Length: 7903594
Cache-Control: max-age=300
Content-Security-Policy: default-src 'none'; style-src 'unsafe-inline'; sandbox
Content-Type: application/zip
ETag: "dbc016a060da18070593b83afff580c9b300f0b6ea4147a7988433e04df246ca"
Strict-Transport-Security: max-age=31536000
X-Content-Type-Options: nosniff
X-Frame-Options: deny
X-XSS-Protection: 1; mode=block
X-GitHub-Request-Id: 6A58:8963D:1AFE32:2B01C5:65F090D1
Accept-Ranges: bytes
Date: Tue, 12 Mar 2024 17:28:50 GMT
Via: 1.1 varnish
X-Served-By: cache-jnb7020-JNB
X-Cache: MISS
X-Cache-Hits: 0
X-Timer: S1710264530.108324,VS0,VE560
Vary: Authorization,Accept-Encoding,Origin
Access-Control-Allow-Origin: *
Cross-Origin-Resource-Policy: cross-origin
X-Fastly-Request-ID: b78f5106522ab0ba367de975e525daaddcebcb95
Expires: Tue, 12 Mar 2024 17:33:50 GMT
Source-Age: 0

]
[2024-03-12 20:28:56,623: INFO: main: >>>>>> stage Data Ingestion stage completed <<<<<<

x==========x]
[2024-03-12 20:28:56,623: INFO: main: >>>>>> stage Data Validation stage started <<<<<<]
[2024-03-12 20:28:56,624: INFO: common: yaml file: config/config.yaml loaded successfully]
[2024-03-12 20:28:56,625: INFO: common: yaml file: params.yaml loaded successfully]
[2024-03-12 20:28:56,625: INFO: common: created directory at: artifacts]
[2024-03-12 20:28:56,625: INFO: common: created directory at: artifacts/data_validation]
[2024-03-12 20:28:56,625: INFO: main: >>>>>> stage Data Validation stage completed <<<<<<

x==========x]
[2024-03-12 20:35:54,247: INFO: utils: NumExpr defaulting to 8 threads.]
[2024-03-12 20:37:41,305: INFO: utils: NumExpr defaulting to 8 threads.]
[2024-03-12 20:37:41,901: INFO: main: >>>>>> stage Data Ingestion stage started <<<<<<]
[2024-03-12 20:37:41,903: INFO: common: yaml file: config/config.yaml loaded successfully]
[2024-03-12 20:37:41,906: INFO: common: yaml file: params.yaml loaded successfully]
[2024-03-12 20:37:41,907: INFO: common: created directory at: artifacts]
[2024-03-12 20:37:41,907: INFO: common: created directory at: artifacts/data_ingestion]
[2024-03-12 20:38:02,631: INFO: data_ingestion: artifacts/data_ingestion/data.zip download! with following info: 
Connection: close
Content-Length: 7903594
Cache-Control: max-age=300
Content-Security-Policy: default-src 'none'; style-src 'unsafe-inline'; sandbox
Content-Type: application/zip
ETag: "dbc016a060da18070593b83afff580c9b300f0b6ea4147a7988433e04df246ca"
Strict-Transport-Security: max-age=31536000
X-Content-Type-Options: nosniff
X-Frame-Options: deny
X-XSS-Protection: 1; mode=block
X-GitHub-Request-Id: 6A58:8963D:1AFE32:2B01C5:65F090D1
Accept-Ranges: bytes
Date: Tue, 12 Mar 2024 17:37:43 GMT
Via: 1.1 varnish
X-Served-By: cache-jnb7022-JNB
X-Cache: HIT
X-Cache-Hits: 0
X-Timer: S1710265063.272644,VS0,VE341
Vary: Authorization,Accept-Encoding,Origin
Access-Control-Allow-Origin: *
Cross-Origin-Resource-Policy: cross-origin
X-Fastly-Request-ID: 4410be6af93bf2df88586b432f04ef12a963d094
Expires: Tue, 12 Mar 2024 17:42:43 GMT
Source-Age: 0

]
[2024-03-12 20:38:02,811: INFO: main: >>>>>> stage Data Ingestion stage completed <<<<<<

x==========x]
[2024-03-12 20:38:02,811: INFO: main: >>>>>> stage Data Validation stage started <<<<<<]
[2024-03-12 20:38:02,813: INFO: common: yaml file: config/config.yaml loaded successfully]
[2024-03-12 20:38:02,813: INFO: common: yaml file: params.yaml loaded successfully]
[2024-03-12 20:38:02,813: INFO: common: created directory at: artifacts]
[2024-03-12 20:38:02,813: INFO: common: created directory at: artifacts/data_validation]
[2024-03-12 20:38:02,814: INFO: main: >>>>>> stage Data Validation stage completed <<<<<<

x==========x]
[2024-03-12 20:38:02,814: INFO: main: >>>>>> stage Data Validation stage started <<<<<<]
[2024-03-12 20:38:02,815: INFO: common: yaml file: config/config.yaml loaded successfully]
[2024-03-12 20:38:02,815: INFO: common: yaml file: params.yaml loaded successfully]
[2024-03-12 20:38:02,815: INFO: common: created directory at: artifacts]
[2024-03-12 20:38:02,815: INFO: common: created directory at: artifacts/data_transformation]
[2024-03-12 20:38:11,632: INFO: main: >>>>>> stage Data Validation stage completed <<<<<<

x==========x]
[2024-03-12 20:47:30,096: INFO: utils: NumExpr defaulting to 8 threads.]
[2024-03-12 20:54:20,618: INFO: utils: NumExpr defaulting to 8 threads.]
[2024-03-12 21:26:12,681: INFO: utils: NumExpr defaulting to 8 threads.]
[2024-03-12 21:26:13,491: INFO: common: yaml file: config/config.yaml loaded successfully]
[2024-03-12 21:26:13,496: INFO: common: yaml file: params.yaml loaded successfully]
[2024-03-12 21:26:13,497: INFO: common: created directory at: artifacts]
[2024-03-12 21:26:13,498: INFO: common: created directory at: artifacts/model_trainer]
[2024-03-12 21:27:06,585: INFO: utils: NumExpr defaulting to 8 threads.]
[2024-03-12 21:27:07,860: INFO: main: >>>>>> stage Data Ingestion stage started <<<<<<]
[2024-03-12 21:27:07,862: INFO: common: yaml file: config/config.yaml loaded successfully]
[2024-03-12 21:27:07,863: INFO: common: yaml file: params.yaml loaded successfully]
[2024-03-12 21:27:07,863: INFO: common: created directory at: artifacts]
[2024-03-12 21:27:07,863: INFO: common: created directory at: artifacts/data_ingestion]
[2024-03-12 21:37:45,098: INFO: data_ingestion: artifacts/data_ingestion/data.zip download! with following info: 
Connection: close
Content-Length: 7903594
Cache-Control: max-age=300
Content-Security-Policy: default-src 'none'; style-src 'unsafe-inline'; sandbox
Content-Type: application/zip
ETag: "dbc016a060da18070593b83afff580c9b300f0b6ea4147a7988433e04df246ca"
Strict-Transport-Security: max-age=31536000
X-Content-Type-Options: nosniff
X-Frame-Options: deny
X-XSS-Protection: 1; mode=block
X-GitHub-Request-Id: 1302:3BBFF6:2B0E58:445CCC:65F09E7E
Accept-Ranges: bytes
Date: Tue, 12 Mar 2024 18:27:12 GMT
Via: 1.1 varnish
X-Served-By: cache-jnb7022-JNB
X-Cache: MISS
X-Cache-Hits: 0
X-Timer: S1710268031.885953,VS0,VE1507
Vary: Authorization,Accept-Encoding,Origin
Access-Control-Allow-Origin: *
Cross-Origin-Resource-Policy: cross-origin
X-Fastly-Request-ID: 94e0e6f52efc1b66ea1db520ddd70468124e313d
Expires: Tue, 12 Mar 2024 18:32:12 GMT
Source-Age: 1

]
[2024-03-12 21:37:45,216: INFO: main: >>>>>> stage Data Ingestion stage completed <<<<<<

x==========x]
[2024-03-12 21:37:45,216: INFO: main: >>>>>> stage Data Validation stage started <<<<<<]
[2024-03-12 21:37:45,219: INFO: common: yaml file: config/config.yaml loaded successfully]
[2024-03-12 21:37:45,220: INFO: common: yaml file: params.yaml loaded successfully]
[2024-03-12 21:37:45,220: INFO: common: created directory at: artifacts]
[2024-03-12 21:37:45,220: INFO: common: created directory at: artifacts/data_validation]
[2024-03-12 21:37:45,221: INFO: main: >>>>>> stage Data Validation stage completed <<<<<<

x==========x]
[2024-03-12 21:37:45,221: INFO: main: >>>>>> stage Data Transformation stage started <<<<<<]
[2024-03-12 21:37:45,222: INFO: common: yaml file: config/config.yaml loaded successfully]
[2024-03-12 21:37:45,223: INFO: common: yaml file: params.yaml loaded successfully]
[2024-03-12 21:37:45,223: INFO: common: created directory at: artifacts]
[2024-03-12 21:37:45,223: INFO: common: created directory at: artifacts/data_transformation]
[2024-03-12 21:37:48,901: INFO: main: >>>>>> stage Data Transformation stage completed <<<<<<

x==========x]
[2024-03-12 21:37:48,901: INFO: main: *******************]
[2024-03-12 21:37:48,901: INFO: main: >>>>>> stage Model Trainer stage started <<<<<<]
[2024-03-12 21:37:48,903: INFO: common: yaml file: config/config.yaml loaded successfully]
[2024-03-12 21:37:48,904: INFO: common: yaml file: params.yaml loaded successfully]
[2024-03-12 21:37:48,904: INFO: common: created directory at: artifacts]
[2024-03-12 21:37:48,904: INFO: common: created directory at: artifacts/model_trainer]
[2024-03-12 22:03:02,109: ERROR: main: 'NoneType' object has no attribute 'split']
Traceback (most recent call last):
  File "main.py", line 43, in <module>
    model_trainer.main()
  File "/Users/jobdulo/Documents/Text-Summarizer/src/textSummarizer/pipeline/stage_04_model_trainer.py", line 14, in main
    model_trainer_config.train()
  File "/Users/jobdulo/Documents/Text-Summarizer/src/textSummarizer/components/model_trainer.py", line 47, in train
    trainer.train()
  File "/Users/jobdulo/opt/anaconda3/envs/mlops/lib/python3.8/site-packages/transformers/trainer.py", line 1624, in train
    return inner_training_loop(
  File "/Users/jobdulo/opt/anaconda3/envs/mlops/lib/python3.8/site-packages/transformers/trainer.py", line 1879, in _inner_training_loop
    self.control = self.callback_handler.on_train_begin(args, self.state, self.control)
  File "/Users/jobdulo/opt/anaconda3/envs/mlops/lib/python3.8/site-packages/transformers/trainer_callback.py", line 370, in on_train_begin
    return self.call_event("on_train_begin", args, state, control)
  File "/Users/jobdulo/opt/anaconda3/envs/mlops/lib/python3.8/site-packages/transformers/trainer_callback.py", line 414, in call_event
    result = getattr(callback, event)(
  File "/Users/jobdulo/opt/anaconda3/envs/mlops/lib/python3.8/site-packages/transformers/integrations/integration_utils.py", line 1035, in on_train_begin
    self.setup(args, state, model)
  File "/Users/jobdulo/opt/anaconda3/envs/mlops/lib/python3.8/site-packages/transformers/integrations/integration_utils.py", line 1106, in setup
    owner=self.remote.split(os.sep)[-2],
AttributeError: 'NoneType' object has no attribute 'split'
[2024-03-12 22:24:24,695: INFO: common: yaml file: config/config.yaml loaded successfully]
[2024-03-12 22:24:24,711: INFO: common: yaml file: params.yaml loaded successfully]
[2024-03-12 22:24:24,718: INFO: common: created directory at: artifacts]
[2024-03-12 22:24:24,721: INFO: common: created directory at: artifacts/model_trainer]
[2024-03-12 22:44:09,064: INFO: common: yaml file: config/config.yaml loaded successfully]
[2024-03-12 22:44:09,084: INFO: common: yaml file: params.yaml loaded successfully]
[2024-03-12 22:44:09,087: INFO: common: created directory at: artifacts]
[2024-03-12 22:44:09,088: INFO: common: created directory at: artifacts/model_trainer]
[2024-03-12 22:50:25,667: INFO: common: yaml file: config/config.yaml loaded successfully]
[2024-03-12 22:50:25,690: INFO: common: yaml file: params.yaml loaded successfully]
[2024-03-12 22:50:25,696: INFO: common: created directory at: artifacts]
[2024-03-12 22:50:25,699: INFO: common: created directory at: artifacts/model_trainer]
[2024-03-12 22:54:00,652: INFO: common: yaml file: config/config.yaml loaded successfully]
[2024-03-12 22:54:00,660: INFO: common: yaml file: params.yaml loaded successfully]
[2024-03-12 22:54:00,662: INFO: common: created directory at: artifacts]
[2024-03-12 22:54:00,663: INFO: common: created directory at: artifacts/model_trainer]
[2024-03-12 22:54:41,831: INFO: common: yaml file: config/config.yaml loaded successfully]
[2024-03-12 22:54:41,838: INFO: common: yaml file: params.yaml loaded successfully]
[2024-03-12 22:54:41,840: INFO: common: created directory at: artifacts]
[2024-03-12 22:54:41,841: INFO: common: created directory at: artifacts/model_trainer]
[2024-03-12 22:56:19,788: INFO: utils: NumExpr defaulting to 8 threads.]
[2024-03-12 22:56:20,235: INFO: common: yaml file: config/config.yaml loaded successfully]
[2024-03-12 22:56:20,239: INFO: common: yaml file: params.yaml loaded successfully]
[2024-03-12 22:56:20,240: INFO: common: created directory at: artifacts]
[2024-03-12 22:56:20,240: INFO: common: created directory at: artifacts/model_trainer]
[2024-03-12 22:56:49,387: INFO: common: yaml file: config/config.yaml loaded successfully]
[2024-03-12 22:56:49,390: INFO: common: yaml file: params.yaml loaded successfully]
[2024-03-12 22:56:49,391: INFO: common: created directory at: artifacts]
[2024-03-12 22:56:49,392: INFO: common: created directory at: artifacts/model_trainer]
[2024-03-12 23:01:06,629: INFO: common: yaml file: config/config.yaml loaded successfully]
[2024-03-12 23:01:06,652: INFO: common: yaml file: params.yaml loaded successfully]
[2024-03-12 23:01:06,658: INFO: common: created directory at: artifacts]
[2024-03-12 23:01:06,662: INFO: common: created directory at: artifacts/model_trainer]
[2024-03-12 23:01:55,924: INFO: common: yaml file: config/config.yaml loaded successfully]
[2024-03-12 23:01:55,930: INFO: common: yaml file: params.yaml loaded successfully]
[2024-03-12 23:01:55,932: INFO: common: created directory at: artifacts]
[2024-03-12 23:01:55,933: INFO: common: created directory at: artifacts/model_trainer]
[2024-03-12 23:05:36,623: INFO: utils: NumExpr defaulting to 8 threads.]
[2024-03-12 23:05:37,113: INFO: common: yaml file: config/config.yaml loaded successfully]
[2024-03-12 23:05:37,116: INFO: common: yaml file: params.yaml loaded successfully]
[2024-03-12 23:05:37,117: INFO: common: created directory at: artifacts]
[2024-03-12 23:05:37,117: INFO: common: created directory at: artifacts/model_trainer]
[2024-03-12 23:11:43,061: INFO: utils: NumExpr defaulting to 8 threads.]
[2024-03-12 23:11:43,582: INFO: common: yaml file: config/config.yaml loaded successfully]
[2024-03-12 23:11:43,594: INFO: common: yaml file: params.yaml loaded successfully]
[2024-03-12 23:11:43,598: INFO: common: created directory at: artifacts]
[2024-03-12 23:11:43,600: INFO: common: created directory at: artifacts/model_trainer]
[2024-03-12 23:12:11,580: ERROR: jupyter: Failed to detect the name of this notebook, you can set it manually with the WANDB_NOTEBOOK_NAME environment variable to enable code saving.]
[2024-03-12 23:48:00,755: INFO: utils: NumExpr defaulting to 8 threads.]
[2024-03-12 23:48:02,497: INFO: main: >>>>>> stage Data Ingestion stage started <<<<<<]
[2024-03-12 23:48:02,499: INFO: common: yaml file: config/config.yaml loaded successfully]
[2024-03-12 23:48:02,502: INFO: common: yaml file: params.yaml loaded successfully]
[2024-03-12 23:48:02,502: INFO: common: created directory at: artifacts]
[2024-03-12 23:48:02,503: INFO: common: created directory at: artifacts/data_ingestion]
[2024-03-12 23:48:02,503: INFO: data_ingestion: File already exists of size: ~ 7718 KB]
[2024-03-12 23:48:02,619: INFO: main: >>>>>> stage Data Ingestion stage completed <<<<<<

x==========x]
[2024-03-12 23:48:02,619: INFO: main: >>>>>> stage Data Validation stage started <<<<<<]
[2024-03-12 23:48:02,678: INFO: common: yaml file: config/config.yaml loaded successfully]
[2024-03-12 23:48:02,679: INFO: common: yaml file: params.yaml loaded successfully]
[2024-03-12 23:48:02,680: INFO: common: created directory at: artifacts]
[2024-03-12 23:48:02,680: INFO: common: created directory at: artifacts/data_validation]
[2024-03-12 23:48:02,680: INFO: main: >>>>>> stage Data Validation stage completed <<<<<<

x==========x]
[2024-03-12 23:48:02,680: INFO: main: >>>>>> stage Data Transformation stage started <<<<<<]
[2024-03-12 23:48:02,682: INFO: common: yaml file: config/config.yaml loaded successfully]
[2024-03-12 23:48:02,683: INFO: common: yaml file: params.yaml loaded successfully]
[2024-03-12 23:48:02,683: INFO: common: created directory at: artifacts]
[2024-03-12 23:48:02,683: INFO: common: created directory at: artifacts/data_transformation]
[2024-03-12 23:48:06,416: INFO: main: >>>>>> stage Data Transformation stage completed <<<<<<

x==========x]
[2024-03-12 23:48:06,417: INFO: main: *******************]
[2024-03-12 23:48:06,417: INFO: main: >>>>>> stage Model Trainer stage started <<<<<<]
[2024-03-12 23:48:06,419: INFO: common: yaml file: config/config.yaml loaded successfully]
[2024-03-12 23:48:06,420: INFO: common: yaml file: params.yaml loaded successfully]
[2024-03-12 23:48:06,420: INFO: common: created directory at: artifacts]
[2024-03-12 23:48:06,421: INFO: common: created directory at: artifacts/model_trainer]
[2024-03-13 00:31:52,008: WARNING: connectionpool: Retrying (JitteredRetry(total=4, connect=5, read=4, redirect=5, status=5)) after connection broken by 'ReadTimeoutError("HTTPSConnectionPool(host='dagshub.com', port=443): Read timed out. (read timeout=120)")': /JobCollins/Text-Summarizer.mlflow/api/2.0/mlflow/runs/log-batch]
[2024-03-13 01:15:31,643: WARNING: connectionpool: Retrying (JitteredRetry(total=4, connect=5, read=4, redirect=5, status=5)) after connection broken by 'ReadTimeoutError("HTTPSConnectionPool(host='dagshub.com', port=443): Read timed out. (read timeout=120)")': /JobCollins/Text-Summarizer.mlflow/api/2.0/mlflow/runs/log-batch]
[2024-03-13 01:58:18,854: WARNING: connectionpool: Retrying (JitteredRetry(total=4, connect=5, read=4, redirect=5, status=5)) after connection broken by 'ReadTimeoutError("HTTPSConnectionPool(host='dagshub.com', port=443): Read timed out. (read timeout=120)")': /JobCollins/Text-Summarizer.mlflow/api/2.0/mlflow/runs/log-batch]
[2024-03-13 02:40:39,118: WARNING: connectionpool: Retrying (JitteredRetry(total=4, connect=5, read=4, redirect=5, status=5)) after connection broken by 'ReadTimeoutError("HTTPSConnectionPool(host='dagshub.com', port=443): Read timed out. (read timeout=120)")': /JobCollins/Text-Summarizer.mlflow/api/2.0/mlflow/runs/log-batch]
[2024-03-13 03:24:44,771: WARNING: connectionpool: Retrying (JitteredRetry(total=4, connect=5, read=4, redirect=5, status=5)) after connection broken by 'ReadTimeoutError("HTTPSConnectionPool(host='dagshub.com', port=443): Read timed out. (read timeout=120)")': /JobCollins/Text-Summarizer.mlflow/api/2.0/mlflow/runs/log-batch]
[2024-03-13 04:12:45,284: WARNING: connectionpool: Retrying (JitteredRetry(total=4, connect=5, read=4, redirect=5, status=5)) after connection broken by 'ReadTimeoutError("HTTPSConnectionPool(host='dagshub.com', port=443): Read timed out. (read timeout=120)")': /JobCollins/Text-Summarizer.mlflow/api/2.0/mlflow/runs/log-batch]
[2024-03-13 04:54:48,118: WARNING: connectionpool: Retrying (JitteredRetry(total=4, connect=5, read=4, redirect=5, status=5)) after connection broken by 'ReadTimeoutError("HTTPSConnectionPool(host='dagshub.com', port=443): Read timed out. (read timeout=120)")': /JobCollins/Text-Summarizer.mlflow/api/2.0/mlflow/runs/log-batch]
[2024-03-13 05:42:53,181: WARNING: connectionpool: Retrying (JitteredRetry(total=4, connect=5, read=4, redirect=5, status=5)) after connection broken by 'ReadTimeoutError("HTTPSConnectionPool(host='dagshub.com', port=443): Read timed out. (read timeout=120)")': /JobCollins/Text-Summarizer.mlflow/api/2.0/mlflow/runs/log-batch]
[2024-03-13 06:31:12,874: WARNING: connectionpool: Retrying (JitteredRetry(total=4, connect=5, read=4, redirect=5, status=5)) after connection broken by 'ReadTimeoutError("HTTPSConnectionPool(host='dagshub.com', port=443): Read timed out. (read timeout=120)")': /JobCollins/Text-Summarizer.mlflow/api/2.0/mlflow/runs/log-batch]
[2024-03-13 07:13:40,100: WARNING: connectionpool: Retrying (JitteredRetry(total=4, connect=5, read=4, redirect=5, status=5)) after connection broken by 'ReadTimeoutError("HTTPSConnectionPool(host='dagshub.com', port=443): Read timed out. (read timeout=120)")': /JobCollins/Text-Summarizer.mlflow/api/2.0/mlflow/runs/log-batch]
[2024-03-13 07:16:38,679: INFO: utils: NumExpr defaulting to 8 threads.]
[2024-03-13 07:16:40,455: INFO: main: >>>>>> stage Data Ingestion stage started <<<<<<]
[2024-03-13 07:16:40,457: INFO: common: yaml file: config/config.yaml loaded successfully]
[2024-03-13 07:16:40,459: INFO: common: yaml file: params.yaml loaded successfully]
[2024-03-13 07:16:40,460: INFO: common: created directory at: artifacts]
[2024-03-13 07:16:40,460: INFO: common: created directory at: artifacts/data_ingestion]
[2024-03-13 07:16:40,460: INFO: data_ingestion: File already exists of size: ~ 7718 KB]
[2024-03-13 07:16:40,581: INFO: main: >>>>>> stage Data Ingestion stage completed <<<<<<

x==========x]
[2024-03-13 07:16:40,581: INFO: main: >>>>>> stage Data Validation stage started <<<<<<]
[2024-03-13 07:16:40,640: INFO: common: yaml file: config/config.yaml loaded successfully]
[2024-03-13 07:16:40,641: INFO: common: yaml file: params.yaml loaded successfully]
[2024-03-13 07:16:40,641: INFO: common: created directory at: artifacts]
[2024-03-13 07:16:40,641: INFO: common: created directory at: artifacts/data_validation]
[2024-03-13 07:16:40,642: INFO: main: >>>>>> stage Data Validation stage completed <<<<<<

x==========x]
[2024-03-13 07:16:40,642: INFO: main: >>>>>> stage Data Transformation stage started <<<<<<]
[2024-03-13 07:16:40,644: INFO: common: yaml file: config/config.yaml loaded successfully]
[2024-03-13 07:16:40,645: INFO: common: yaml file: params.yaml loaded successfully]
[2024-03-13 07:16:40,645: INFO: common: created directory at: artifacts]
[2024-03-13 07:16:40,645: INFO: common: created directory at: artifacts/data_transformation]
[2024-03-13 07:16:44,225: INFO: main: >>>>>> stage Data Transformation stage completed <<<<<<

x==========x]
[2024-03-13 07:16:44,226: INFO: main: *******************]
[2024-03-13 07:16:44,226: INFO: main: >>>>>> stage Model Trainer stage started <<<<<<]
[2024-03-13 07:16:44,228: INFO: common: yaml file: config/config.yaml loaded successfully]
[2024-03-13 07:16:44,229: INFO: common: yaml file: params.yaml loaded successfully]
[2024-03-13 07:16:44,229: INFO: common: created directory at: artifacts]
[2024-03-13 07:16:44,229: INFO: common: created directory at: artifacts/model_trainer]
[2024-03-13 07:57:42,455: WARNING: connectionpool: Retrying (JitteredRetry(total=4, connect=5, read=4, redirect=5, status=5)) after connection broken by 'ReadTimeoutError("HTTPSConnectionPool(host='dagshub.com', port=443): Read timed out. (read timeout=120)")': /JobCollins/Text-Summarizer.mlflow/api/2.0/mlflow/runs/log-batch]
[2024-03-13 08:39:47,175: WARNING: connectionpool: Retrying (JitteredRetry(total=4, connect=5, read=4, redirect=5, status=5)) after connection broken by 'ReadTimeoutError("HTTPSConnectionPool(host='dagshub.com', port=443): Read timed out. (read timeout=120)")': /JobCollins/Text-Summarizer.mlflow/api/2.0/mlflow/runs/log-batch]
[2024-03-13 09:20:26,702: WARNING: connectionpool: Retrying (JitteredRetry(total=4, connect=5, read=4, redirect=5, status=5)) after connection broken by 'ReadTimeoutError("HTTPSConnectionPool(host='dagshub.com', port=443): Read timed out. (read timeout=120)")': /JobCollins/Text-Summarizer.mlflow/api/2.0/mlflow/runs/log-batch]
[2024-03-13 10:00:30,712: WARNING: connectionpool: Retrying (JitteredRetry(total=4, connect=5, read=4, redirect=5, status=5)) after connection broken by 'ReadTimeoutError("HTTPSConnectionPool(host='dagshub.com', port=443): Read timed out. (read timeout=120)")': /JobCollins/Text-Summarizer.mlflow/api/2.0/mlflow/runs/log-batch]
[2024-03-13 10:40:42,400: WARNING: connectionpool: Retrying (JitteredRetry(total=4, connect=5, read=4, redirect=5, status=5)) after connection broken by 'ReadTimeoutError("HTTPSConnectionPool(host='dagshub.com', port=443): Read timed out. (read timeout=120)")': /JobCollins/Text-Summarizer.mlflow/api/2.0/mlflow/runs/log-batch]
[2024-03-13 11:23:05,387: WARNING: connectionpool: Retrying (JitteredRetry(total=4, connect=5, read=4, redirect=5, status=5)) after connection broken by 'ReadTimeoutError("HTTPSConnectionPool(host='dagshub.com', port=443): Read timed out. (read timeout=120)")': /JobCollins/Text-Summarizer.mlflow/api/2.0/mlflow/runs/log-batch]
[2024-03-13 12:07:57,920: WARNING: connectionpool: Retrying (JitteredRetry(total=4, connect=5, read=4, redirect=5, status=5)) after connection broken by 'ReadTimeoutError("HTTPSConnectionPool(host='dagshub.com', port=443): Read timed out. (read timeout=120)")': /JobCollins/Text-Summarizer.mlflow/api/2.0/mlflow/runs/log-batch]
[2024-03-13 13:00:29,035: WARNING: connectionpool: Retrying (JitteredRetry(total=4, connect=5, read=4, redirect=5, status=5)) after connection broken by 'ReadTimeoutError("HTTPSConnectionPool(host='dagshub.com', port=443): Read timed out. (read timeout=120)")': /JobCollins/Text-Summarizer.mlflow/api/2.0/mlflow/runs/log-batch]
[2024-03-13 13:44:55,552: WARNING: connectionpool: Retrying (JitteredRetry(total=4, connect=5, read=4, redirect=5, status=5)) after connection broken by 'ReadTimeoutError("HTTPSConnectionPool(host='dagshub.com', port=443): Read timed out. (read timeout=120)")': /JobCollins/Text-Summarizer.mlflow/api/2.0/mlflow/runs/log-batch]
[2024-03-13 14:23:47,303: WARNING: connectionpool: Retrying (JitteredRetry(total=4, connect=5, read=4, redirect=5, status=5)) after connection broken by 'ReadTimeoutError("HTTPSConnectionPool(host='dagshub.com', port=443): Read timed out. (read timeout=120)")': /JobCollins/Text-Summarizer.mlflow/api/2.0/mlflow/runs/log-batch]
[2024-03-13 15:05:50,701: WARNING: connectionpool: Retrying (JitteredRetry(total=4, connect=5, read=4, redirect=5, status=5)) after connection broken by 'ReadTimeoutError("HTTPSConnectionPool(host='dagshub.com', port=443): Read timed out. (read timeout=120)")': /JobCollins/Text-Summarizer.mlflow/api/2.0/mlflow/runs/log-batch]
[2024-03-13 16:28:32,889: WARNING: connectionpool: Retrying (JitteredRetry(total=4, connect=5, read=4, redirect=5, status=5)) after connection broken by 'ReadTimeoutError("HTTPSConnectionPool(host='dagshub.com', port=443): Read timed out. (read timeout=120)")': /JobCollins/Text-Summarizer.mlflow/api/2.0/mlflow/runs/log-batch]
[2024-03-13 17:10:47,194: WARNING: connectionpool: Retrying (JitteredRetry(total=4, connect=5, read=4, redirect=5, status=5)) after connection broken by 'ReadTimeoutError("HTTPSConnectionPool(host='dagshub.com', port=443): Read timed out. (read timeout=120)")': /JobCollins/Text-Summarizer.mlflow/api/2.0/mlflow/runs/log-batch]
[2024-03-13 17:53:20,944: WARNING: connectionpool: Retrying (JitteredRetry(total=4, connect=5, read=4, redirect=5, status=5)) after connection broken by 'ReadTimeoutError("HTTPSConnectionPool(host='dagshub.com', port=443): Read timed out. (read timeout=120)")': /JobCollins/Text-Summarizer.mlflow/api/2.0/mlflow/runs/log-batch]
[2024-03-13 18:33:40,708: WARNING: connectionpool: Retrying (JitteredRetry(total=4, connect=5, read=4, redirect=5, status=5)) after connection broken by 'ReadTimeoutError("HTTPSConnectionPool(host='dagshub.com', port=443): Read timed out. (read timeout=120)")': /JobCollins/Text-Summarizer.mlflow/api/2.0/mlflow/runs/log-batch]
[2024-03-13 19:14:10,819: WARNING: connectionpool: Retrying (JitteredRetry(total=4, connect=5, read=4, redirect=5, status=5)) after connection broken by 'ReadTimeoutError("HTTPSConnectionPool(host='dagshub.com', port=443): Read timed out. (read timeout=120)")': /JobCollins/Text-Summarizer.mlflow/api/2.0/mlflow/runs/log-batch]
